Using pre-set license
Built from '2021.3/staging' branch; Version is '2021.3.6f1 (7da38d85baf6) revision 8233869'; Using compiler version '192829333'; Build Type 'Release'
OS: 'Windows 10  (10.0.19045) 64bit Professional' Language: 'es' Physical Memory: 32012 MB
BatchMode: 1, IsHumanControllingUs: 0, StartBugReporterOnCrash: 0, Is64bit: 1, IsPro: 1

COMMAND LINE ARGUMENTS:
C:\Program Files\Unity\Hub\Editor\2021.3.6f1\Editor\Unity.exe
-adb2
-batchMode
-noUpm
-name
AssetImportWorker5
-projectPath
C:/Users/Victor/Documents/GitHub/Pocket-Space-Factory
-logFile
Logs/AssetImportWorker5.log
-srvPort
59561
Successfully changed project path to: C:/Users/Victor/Documents/GitHub/Pocket-Space-Factory
C:/Users/Victor/Documents/GitHub/Pocket-Space-Factory
[UnityMemory] Configuration Parameters - Can be set up in boot.config
    "memorysetup-bucket-allocator-granularity=16"
    "memorysetup-bucket-allocator-bucket-count=8"
    "memorysetup-bucket-allocator-block-size=33554432"
    "memorysetup-bucket-allocator-block-count=8"
    "memorysetup-main-allocator-block-size=16777216"
    "memorysetup-thread-allocator-block-size=16777216"
    "memorysetup-gfx-main-allocator-block-size=16777216"
    "memorysetup-gfx-thread-allocator-block-size=16777216"
    "memorysetup-cache-allocator-block-size=4194304"
    "memorysetup-typetree-allocator-block-size=2097152"
    "memorysetup-profiler-bucket-allocator-granularity=16"
    "memorysetup-profiler-bucket-allocator-bucket-count=8"
    "memorysetup-profiler-bucket-allocator-block-size=33554432"
    "memorysetup-profiler-bucket-allocator-block-count=8"
    "memorysetup-profiler-allocator-block-size=16777216"
    "memorysetup-profiler-editor-allocator-block-size=1048576"
    "memorysetup-temp-allocator-size-main=16777216"
    "memorysetup-job-temp-allocator-block-size=2097152"
    "memorysetup-job-temp-allocator-block-size-background=1048576"
    "memorysetup-job-temp-allocator-reduction-small-platforms=262144"
    "memorysetup-temp-allocator-size-background-worker=32768"
    "memorysetup-temp-allocator-size-job-worker=262144"
    "memorysetup-temp-allocator-size-preload-manager=33554432"
    "memorysetup-temp-allocator-size-nav-mesh-worker=65536"
    "memorysetup-temp-allocator-size-audio-worker=65536"
    "memorysetup-temp-allocator-size-cloud-worker=32768"
    "memorysetup-temp-allocator-size-gi-baking-worker=262144"
    "memorysetup-temp-allocator-size-gfx=262144"
Refreshing native plugins compatible for Editor in 47.15 ms, found 2 plugins.
Preloading 0 native plugins for Editor in 0.00 ms.
Initialize engine version: 2021.3.6f1 (7da38d85baf6)
[Subsystems] Discovering subsystems at path C:/Program Files/Unity/Hub/Editor/2021.3.6f1/Editor/Data/Resources/UnitySubsystems
[Subsystems] Discovering subsystems at path C:/Users/Victor/Documents/GitHub/Pocket-Space-Factory/Assets
GfxDevice: creating device client; threaded=0; jobified=0
Direct3D:
    Version:  Direct3D 11.0 [level 11.1]
    Renderer: NVIDIA GeForce RTX 3070 Ti Laptop GPU (ID=0x24a0)
    Vendor:   NVIDIA
    VRAM:     8018 MB
    Driver:   32.0.15.5585
Shader 'Ethical Motion/Particles/Lit MultiLight': fallback shader 'Hidden/Ethical Motion/Particles/Lit Alpha Blend Shadow Fallback' not found
Initialize mono
Mono path[0] = 'C:/Program Files/Unity/Hub/Editor/2021.3.6f1/Editor/Data/Managed'
Mono path[1] = 'C:/Program Files/Unity/Hub/Editor/2021.3.6f1/Editor/Data/MonoBleedingEdge/lib/mono/unityjit-win32'
Mono config path = 'C:/Program Files/Unity/Hub/Editor/2021.3.6f1/Editor/Data/MonoBleedingEdge/etc'
Using monoOptions --debugger-agent=transport=dt_socket,embedding=1,server=y,suspend=n,address=127.0.0.1:56656
Begin MonoManager ReloadAssembly
Registering precompiled unity dll's ...
Register platform support module: C:/Program Files/Unity/Hub/Editor/2021.3.6f1/Editor/Data/PlaybackEngines/WebGLSupport/UnityEditor.WebGL.Extensions.dll
Register platform support module: C:/Program Files/Unity/Hub/Editor/2021.3.6f1/Editor/Data/PlaybackEngines/AndroidPlayer/UnityEditor.Android.Extensions.dll
Register platform support module: C:/Program Files/Unity/Hub/Editor/2021.3.6f1/Editor/Data/PlaybackEngines/WindowsStandaloneSupport/UnityEditor.WindowsStandalone.Extensions.dll
Registered in 0.008809 seconds.
Native extension for WindowsStandalone target not found
Native extension for Android target not found
Native extension for WebGL target not found
Refreshing native plugins compatible for Editor in 42.20 ms, found 2 plugins.
Preloading 0 native plugins for Editor in 0.00 ms.
Mono: successfully reloaded assembly
- Completed reload, in  0.476 seconds
Domain Reload Profiling:
	ReloadAssembly (476ms)
		BeginReloadAssembly (60ms)
			ExecutionOrderSort (0ms)
			DisableScriptedObjects (0ms)
			BackupInstance (0ms)
			ReleaseScriptingObjects (0ms)
			CreateAndSetChildDomain (1ms)
		EndReloadAssembly (330ms)
			LoadAssemblies (59ms)
			RebuildTransferFunctionScriptingTraits (0ms)
			SetupTypeCache (76ms)
			ReleaseScriptCaches (0ms)
			RebuildScriptCaches (19ms)
			SetupLoadedEditorAssemblies (194ms)
				LogAssemblyErrors (0ms)
				InitializePlatformSupportModulesInManaged (45ms)
				SetLoadedEditorAssemblies (1ms)
				RefreshPlugins (42ms)
				BeforeProcessingInitializeOnLoad (1ms)
				ProcessInitializeOnLoadAttributes (73ms)
				ProcessInitializeOnLoadMethodAttributes (32ms)
				AfterProcessingInitializeOnLoad (0ms)
				EditorAssembliesLoaded (0ms)
			ExecutionOrderSort2 (0ms)
			AwakeInstancesAfterBackupRestoration (0ms)
Platform modules already initialized, skipping
Registering precompiled user dll's ...
Registered in 0.003972 seconds.
Begin MonoManager ReloadAssembly
Native extension for WindowsStandalone target not found
Native extension for Android target not found
Native extension for WebGL target not found
Refreshing native plugins compatible for Editor in 0.60 ms, found 2 plugins.
Preloading 0 native plugins for Editor in 0.00 ms.
Mono: successfully reloaded assembly
- Completed reload, in  0.903 seconds
Domain Reload Profiling:
	ReloadAssembly (904ms)
		BeginReloadAssembly (204ms)
			ExecutionOrderSort (0ms)
			DisableScriptedObjects (5ms)
			BackupInstance (0ms)
			ReleaseScriptingObjects (0ms)
			CreateAndSetChildDomain (131ms)
		EndReloadAssembly (611ms)
			LoadAssemblies (62ms)
			RebuildTransferFunctionScriptingTraits (0ms)
			SetupTypeCache (137ms)
			ReleaseScriptCaches (0ms)
			RebuildScriptCaches (35ms)
			SetupLoadedEditorAssemblies (351ms)
				LogAssemblyErrors (0ms)
				InitializePlatformSupportModulesInManaged (13ms)
				SetLoadedEditorAssemblies (0ms)
				RefreshPlugins (1ms)
				BeforeProcessingInitializeOnLoad (55ms)
				ProcessInitializeOnLoadAttributes (252ms)
				ProcessInitializeOnLoadMethodAttributes (22ms)
				AfterProcessingInitializeOnLoad (8ms)
				EditorAssembliesLoaded (0ms)
			ExecutionOrderSort2 (0ms)
			AwakeInstancesAfterBackupRestoration (4ms)
Platform modules already initialized, skipping
========================================================================
Worker process is ready to serve import requests
Shader 'Ethical Motion/Particles/Lit MultiLight': fallback shader 'Hidden/Ethical Motion/Particles/Lit Alpha Blend Shadow Fallback' not found
Launched and connected shader compiler UnityShaderCompiler.exe after 0.03 seconds
Refreshing native plugins compatible for Editor in 0.72 ms, found 2 plugins.
Preloading 0 native plugins for Editor in 0.00 ms.
Unloading 2315 Unused Serialized files (Serialized files now loaded: 0)
Unloading 131 unused Assets / (177.4 KB). Loaded Objects now: 2785.
Memory consumption went from 106.2 MB to 106.0 MB.
Total: 3.442500 ms (FindLiveObjects: 0.174600 ms CreateObjectMapping: 0.097100 ms MarkObjects: 2.983800 ms  DeleteObjects: 0.186200 ms)

AssetImportParameters requested are different than current active one (requested -> active):
  custom:video-decoder-ogg-theora: a1e56fd34408186e4bbccfd4996cb3dc -> 
  custom:container-muxer-webm: aa71ff27fc2769a1b78a27578f13a17b -> 
  custom:container-demuxer-webm: 4f35f7cbe854078d1ac9338744f61a02 -> 
  custom:video-encoder-webm-vp8: eb34c28f22e8b96e1ab97ce403110664 -> 
  custom:audio-encoder-webm-vorbis: bf7c407c2cedff20999df2af8eb42d56 -> 
  custom:framework-win-MediaFoundation: 216162199b28c13a410421893ffa2e32 -> 
  custom:container-demuxer-ogg: 62fdf1f143b41e24485cea50d1cbac27 -> 
  custom:video-decoder-webm-vp8: 9c59270c3fd7afecdb556c50c9e8de78 -> 
  custom:audio-decoder-ogg-vorbis: bf7c407c2cedff20999df2af8eb42d56 -> 
========================================================================
Received Import Request.
  Time since last request: 96243.911388 seconds.
  path: Assets/Sprites/UI/Danger/Warning.png
  artifactKey: Guid(633bcbaca8162054ab7def480a65fbaf) Importer(815301076,1909f56bfc062723c751e8b465ee728b)
Start importing Assets/Sprites/UI/Danger/Warning.png using Guid(633bcbaca8162054ab7def480a65fbaf) Importer(815301076,1909f56bfc062723c751e8b465ee728b)  -> (artifact id: '24eefef4c0cf2b00e27bb5b80649fb5a') in 0.215031 seconds 
========================================================================
Received Import Request.
  Time since last request: 8.843928 seconds.
  path: Assets/Sprites/UI/Icons/Casa.png
  artifactKey: Guid(bb9ee700b7358d343b9fc2045a09f413) Importer(815301076,1909f56bfc062723c751e8b465ee728b)
Start importing Assets/Sprites/UI/Icons/Casa.png using Guid(bb9ee700b7358d343b9fc2045a09f413) Importer(815301076,1909f56bfc062723c751e8b465ee728b)  -> (artifact id: '630e095c139a5bb81663fb25c5bf3e9a') in 0.028160 seconds 
========================================================================
Received Import Request.
  Time since last request: 0.000022 seconds.
  path: Assets/Sprites/UI/Icons/PowerupPausemachine.png
  artifactKey: Guid(477188c2c2e9b014bbda1b546640f2e6) Importer(815301076,1909f56bfc062723c751e8b465ee728b)
Start importing Assets/Sprites/UI/Icons/PowerupPausemachine.png using Guid(477188c2c2e9b014bbda1b546640f2e6) Importer(815301076,1909f56bfc062723c751e8b465ee728b)  -> (artifact id: 'deb6ad49d1bcf4a1c74657aafb9c483c') in 0.078490 seconds 
========================================================================
Received Import Request.
  Time since last request: 0.000024 seconds.
  path: Assets/Sprites/UI/Icons/iconmonstr-media-control-49-240.png
  artifactKey: Guid(cacd7cfad4a335e48bbdf915b1e1791a) Importer(815301076,1909f56bfc062723c751e8b465ee728b)
Start importing Assets/Sprites/UI/Icons/iconmonstr-media-control-49-240.png using Guid(cacd7cfad4a335e48bbdf915b1e1791a) Importer(815301076,1909f56bfc062723c751e8b465ee728b)  -> (artifact id: '17bae653247d30ec94db6c535332b105') in 0.048133 seconds 
========================================================================
Received Import Request.
  Time since last request: 0.000025 seconds.
  path: Assets/Sprites/UI/Icons/wasdIcon.png
  artifactKey: Guid(1987fc1b03d8af748a1af7f946af1d73) Importer(815301076,1909f56bfc062723c751e8b465ee728b)
Start importing Assets/Sprites/UI/Icons/wasdIcon.png using Guid(1987fc1b03d8af748a1af7f946af1d73) Importer(815301076,1909f56bfc062723c751e8b465ee728b)  -> (artifact id: '4ee9f664f29c83ac3e66e6024ab9be47') in 0.026155 seconds 
========================================================================
Received Import Request.
  Time since last request: 0.000021 seconds.
  path: Assets/Sprites/UI/Icons/SinSonido.png
  artifactKey: Guid(5fc3ff17a3720bb4e9699a91d5bcb11e) Importer(815301076,1909f56bfc062723c751e8b465ee728b)
Start importing Assets/Sprites/UI/Icons/SinSonido.png using Guid(5fc3ff17a3720bb4e9699a91d5bcb11e) Importer(815301076,1909f56bfc062723c751e8b465ee728b)  -> (artifact id: 'c145711c0eda8b95116421eb50594f18') in 0.029936 seconds 
========================================================================
Received Import Request.
  Time since last request: 0.000020 seconds.
  path: Assets/Sprites/UI/Icons/Rayo.png
  artifactKey: Guid(d93bff374ba18444093efdeb1c956fe3) Importer(815301076,1909f56bfc062723c751e8b465ee728b)
Start importing Assets/Sprites/UI/Icons/Rayo.png using Guid(d93bff374ba18444093efdeb1c956fe3) Importer(815301076,1909f56bfc062723c751e8b465ee728b)  -> (artifact id: 'b122f27259f40c9b8a9a0fcce90b0a7a') in 0.028096 seconds 
========================================================================
Received Import Request.
  Time since last request: 0.000024 seconds.
  path: Assets/Sprites/UI/Icons/Ícono_Dinero.png
  artifactKey: Guid(8d438edf22027a745a259043ac036d34) Importer(815301076,1909f56bfc062723c751e8b465ee728b)
Start importing Assets/Sprites/UI/Icons/Ícono_Dinero.png using Guid(8d438edf22027a745a259043ac036d34) Importer(815301076,1909f56bfc062723c751e8b465ee728b)  -> (artifact id: '239b95e2bf8001ac38584c9852d974b4') in 0.029386 seconds 
========================================================================
Received Import Request.
  Time since last request: 10.117068 seconds.
  path: Assets/Sprites/Title/Logo.png
  artifactKey: Guid(f1f5d5d487c6b7a4ab79e4d2b7ab9d80) Importer(815301076,1909f56bfc062723c751e8b465ee728b)
Start importing Assets/Sprites/Title/Logo.png using Guid(f1f5d5d487c6b7a4ab79e4d2b7ab9d80) Importer(815301076,1909f56bfc062723c751e8b465ee728b)  -> (artifact id: '5aea8a1ec8b868d77b4f3b1d0fc21e11') in 0.153911 seconds 
========================================================================
Received Import Request.
  Time since last request: 7.750966 seconds.
  path: Assets/Sprites/TutorialMenu/UI_Image/Hoyo.PNG
  artifactKey: Guid(fb392b1778b5a2d49af11493d6738de2) Importer(815301076,1909f56bfc062723c751e8b465ee728b)
Start importing Assets/Sprites/TutorialMenu/UI_Image/Hoyo.PNG using Guid(fb392b1778b5a2d49af11493d6738de2) Importer(815301076,1909f56bfc062723c751e8b465ee728b)  -> (artifact id: '735e35e86689687c2e743a4b1e64839d') in 0.058139 seconds 
========================================================================
Received Import Request.
  Time since last request: 0.000017 seconds.
  path: Assets/Sprites/TutorialMenu/UI_Image/Tienda.PNG
  artifactKey: Guid(3be11beb490939842a95c645a41737b0) Importer(815301076,1909f56bfc062723c751e8b465ee728b)
Start importing Assets/Sprites/TutorialMenu/UI_Image/Tienda.PNG using Guid(3be11beb490939842a95c645a41737b0) Importer(815301076,1909f56bfc062723c751e8b465ee728b)  -> (artifact id: 'b8019f0bcde8035539d3ad64f74b093b') in 0.061299 seconds 
========================================================================
Received Import Request.
  Time since last request: 19.290499 seconds.
  path: Assets/Textures/Vol_35_3_Height.tga
  artifactKey: Guid(b54216825a0a75045ae1d36295ceecd4) Importer(815301076,1909f56bfc062723c751e8b465ee728b)
Start importing Assets/Textures/Vol_35_3_Height.tga using Guid(b54216825a0a75045ae1d36295ceecd4) Importer(815301076,1909f56bfc062723c751e8b465ee728b)  -> (artifact id: '1d5398d1b9c3ed6be895393914d5bebe') in 0.097888 seconds 
Editor requested this worker to shutdown with reason: Scaling down because of idle timeout
AssetImportWorker is now disconnected from the server
Process exiting
Exiting without the bug reporter. Application will terminate with return code 0