Using pre-set license
Built from '2021.3/staging' branch; Version is '2021.3.6f1 (7da38d85baf6) revision 8233869'; Using compiler version '192829333'; Build Type 'Release'
OS: 'Windows 10  (10.0.19045) 64bit Professional' Language: 'es' Physical Memory: 32012 MB
BatchMode: 1, IsHumanControllingUs: 0, StartBugReporterOnCrash: 0, Is64bit: 1, IsPro: 1

COMMAND LINE ARGUMENTS:
C:\Program Files\Unity\Hub\Editor\2021.3.6f1\Editor\Unity.exe
-adb2
-batchMode
-noUpm
-name
AssetImportWorker4
-projectPath
C:/Users/Victor/Documents/GitHub/Pocket-Space-Factory
-logFile
Logs/AssetImportWorker4.log
-srvPort
59561
Successfully changed project path to: C:/Users/Victor/Documents/GitHub/Pocket-Space-Factory
C:/Users/Victor/Documents/GitHub/Pocket-Space-Factory
[UnityMemory] Configuration Parameters - Can be set up in boot.config
    "memorysetup-bucket-allocator-granularity=16"
    "memorysetup-bucket-allocator-bucket-count=8"
    "memorysetup-bucket-allocator-block-size=33554432"
    "memorysetup-bucket-allocator-block-count=8"
    "memorysetup-main-allocator-block-size=16777216"
    "memorysetup-thread-allocator-block-size=16777216"
    "memorysetup-gfx-main-allocator-block-size=16777216"
    "memorysetup-gfx-thread-allocator-block-size=16777216"
    "memorysetup-cache-allocator-block-size=4194304"
    "memorysetup-typetree-allocator-block-size=2097152"
    "memorysetup-profiler-bucket-allocator-granularity=16"
    "memorysetup-profiler-bucket-allocator-bucket-count=8"
    "memorysetup-profiler-bucket-allocator-block-size=33554432"
    "memorysetup-profiler-bucket-allocator-block-count=8"
    "memorysetup-profiler-allocator-block-size=16777216"
    "memorysetup-profiler-editor-allocator-block-size=1048576"
    "memorysetup-temp-allocator-size-main=16777216"
    "memorysetup-job-temp-allocator-block-size=2097152"
    "memorysetup-job-temp-allocator-block-size-background=1048576"
    "memorysetup-job-temp-allocator-reduction-small-platforms=262144"
    "memorysetup-temp-allocator-size-background-worker=32768"
    "memorysetup-temp-allocator-size-job-worker=262144"
    "memorysetup-temp-allocator-size-preload-manager=33554432"
    "memorysetup-temp-allocator-size-nav-mesh-worker=65536"
    "memorysetup-temp-allocator-size-audio-worker=65536"
    "memorysetup-temp-allocator-size-cloud-worker=32768"
    "memorysetup-temp-allocator-size-gi-baking-worker=262144"
    "memorysetup-temp-allocator-size-gfx=262144"
Refreshing native plugins compatible for Editor in 47.22 ms, found 2 plugins.
Preloading 0 native plugins for Editor in 0.00 ms.
Initialize engine version: 2021.3.6f1 (7da38d85baf6)
[Subsystems] Discovering subsystems at path C:/Program Files/Unity/Hub/Editor/2021.3.6f1/Editor/Data/Resources/UnitySubsystems
[Subsystems] Discovering subsystems at path C:/Users/Victor/Documents/GitHub/Pocket-Space-Factory/Assets
GfxDevice: creating device client; threaded=0; jobified=0
Direct3D:
    Version:  Direct3D 11.0 [level 11.1]
    Renderer: NVIDIA GeForce RTX 3070 Ti Laptop GPU (ID=0x24a0)
    Vendor:   NVIDIA
    VRAM:     8018 MB
    Driver:   32.0.15.5585
Shader 'Ethical Motion/Particles/Lit MultiLight': fallback shader 'Hidden/Ethical Motion/Particles/Lit Alpha Blend Shadow Fallback' not found
Initialize mono
Mono path[0] = 'C:/Program Files/Unity/Hub/Editor/2021.3.6f1/Editor/Data/Managed'
Mono path[1] = 'C:/Program Files/Unity/Hub/Editor/2021.3.6f1/Editor/Data/MonoBleedingEdge/lib/mono/unityjit-win32'
Mono config path = 'C:/Program Files/Unity/Hub/Editor/2021.3.6f1/Editor/Data/MonoBleedingEdge/etc'
Using monoOptions --debugger-agent=transport=dt_socket,embedding=1,server=y,suspend=n,address=127.0.0.1:56308
Begin MonoManager ReloadAssembly
Registering precompiled unity dll's ...
Register platform support module: C:/Program Files/Unity/Hub/Editor/2021.3.6f1/Editor/Data/PlaybackEngines/WebGLSupport/UnityEditor.WebGL.Extensions.dll
Register platform support module: C:/Program Files/Unity/Hub/Editor/2021.3.6f1/Editor/Data/PlaybackEngines/AndroidPlayer/UnityEditor.Android.Extensions.dll
Register platform support module: C:/Program Files/Unity/Hub/Editor/2021.3.6f1/Editor/Data/PlaybackEngines/WindowsStandaloneSupport/UnityEditor.WindowsStandalone.Extensions.dll
Registered in 0.008697 seconds.
Native extension for WindowsStandalone target not found
Native extension for Android target not found
Native extension for WebGL target not found
Refreshing native plugins compatible for Editor in 41.17 ms, found 2 plugins.
Preloading 0 native plugins for Editor in 0.00 ms.
Mono: successfully reloaded assembly
- Completed reload, in  0.474 seconds
Domain Reload Profiling:
	ReloadAssembly (474ms)
		BeginReloadAssembly (58ms)
			ExecutionOrderSort (0ms)
			DisableScriptedObjects (0ms)
			BackupInstance (0ms)
			ReleaseScriptingObjects (0ms)
			CreateAndSetChildDomain (1ms)
		EndReloadAssembly (328ms)
			LoadAssemblies (56ms)
			RebuildTransferFunctionScriptingTraits (0ms)
			SetupTypeCache (77ms)
			ReleaseScriptCaches (0ms)
			RebuildScriptCaches (19ms)
			SetupLoadedEditorAssemblies (192ms)
				LogAssemblyErrors (0ms)
				InitializePlatformSupportModulesInManaged (45ms)
				SetLoadedEditorAssemblies (0ms)
				RefreshPlugins (41ms)
				BeforeProcessingInitializeOnLoad (1ms)
				ProcessInitializeOnLoadAttributes (73ms)
				ProcessInitializeOnLoadMethodAttributes (32ms)
				AfterProcessingInitializeOnLoad (0ms)
				EditorAssembliesLoaded (0ms)
			ExecutionOrderSort2 (0ms)
			AwakeInstancesAfterBackupRestoration (0ms)
Platform modules already initialized, skipping
Registering precompiled user dll's ...
Registered in 0.004705 seconds.
Begin MonoManager ReloadAssembly
Native extension for WindowsStandalone target not found
Native extension for Android target not found
Native extension for WebGL target not found
Refreshing native plugins compatible for Editor in 0.70 ms, found 2 plugins.
Preloading 0 native plugins for Editor in 0.00 ms.
Mono: successfully reloaded assembly
- Completed reload, in  0.905 seconds
Domain Reload Profiling:
	ReloadAssembly (906ms)
		BeginReloadAssembly (204ms)
			ExecutionOrderSort (0ms)
			DisableScriptedObjects (5ms)
			BackupInstance (0ms)
			ReleaseScriptingObjects (0ms)
			CreateAndSetChildDomain (130ms)
		EndReloadAssembly (613ms)
			LoadAssemblies (62ms)
			RebuildTransferFunctionScriptingTraits (0ms)
			SetupTypeCache (135ms)
			ReleaseScriptCaches (0ms)
			RebuildScriptCaches (36ms)
			SetupLoadedEditorAssemblies (354ms)
				LogAssemblyErrors (0ms)
				InitializePlatformSupportModulesInManaged (13ms)
				SetLoadedEditorAssemblies (0ms)
				RefreshPlugins (1ms)
				BeforeProcessingInitializeOnLoad (55ms)
				ProcessInitializeOnLoadAttributes (254ms)
				ProcessInitializeOnLoadMethodAttributes (22ms)
				AfterProcessingInitializeOnLoad (9ms)
				EditorAssembliesLoaded (0ms)
			ExecutionOrderSort2 (0ms)
			AwakeInstancesAfterBackupRestoration (4ms)
Platform modules already initialized, skipping
========================================================================
Worker process is ready to serve import requests
Shader 'Ethical Motion/Particles/Lit MultiLight': fallback shader 'Hidden/Ethical Motion/Particles/Lit Alpha Blend Shadow Fallback' not found
Launched and connected shader compiler UnityShaderCompiler.exe after 0.03 seconds
Refreshing native plugins compatible for Editor in 0.74 ms, found 2 plugins.
Preloading 0 native plugins for Editor in 0.00 ms.
Unloading 2315 Unused Serialized files (Serialized files now loaded: 0)
Unloading 131 unused Assets / (177.4 KB). Loaded Objects now: 2785.
Memory consumption went from 106.2 MB to 106.0 MB.
Total: 3.569700 ms (FindLiveObjects: 0.212500 ms CreateObjectMapping: 0.149600 ms MarkObjects: 2.998900 ms  DeleteObjects: 0.207500 ms)

AssetImportParameters requested are different than current active one (requested -> active):
  custom:video-decoder-ogg-theora: a1e56fd34408186e4bbccfd4996cb3dc -> 
  custom:container-muxer-webm: aa71ff27fc2769a1b78a27578f13a17b -> 
  custom:container-demuxer-webm: 4f35f7cbe854078d1ac9338744f61a02 -> 
  custom:video-encoder-webm-vp8: eb34c28f22e8b96e1ab97ce403110664 -> 
  custom:audio-encoder-webm-vorbis: bf7c407c2cedff20999df2af8eb42d56 -> 
  custom:framework-win-MediaFoundation: 216162199b28c13a410421893ffa2e32 -> 
  custom:container-demuxer-ogg: 62fdf1f143b41e24485cea50d1cbac27 -> 
  custom:video-decoder-webm-vp8: 9c59270c3fd7afecdb556c50c9e8de78 -> 
  custom:audio-decoder-ogg-vorbis: bf7c407c2cedff20999df2af8eb42d56 -> 
========================================================================
Received Import Request.
  Time since last request: 96243.877618 seconds.
  path: Assets/Sprites/UI/Danger
  artifactKey: Guid(67dbc64dd18a2254fbe2ee578c9cf0bd) Importer(815301076,1909f56bfc062723c751e8b465ee728b)
Start importing Assets/Sprites/UI/Danger using Guid(67dbc64dd18a2254fbe2ee578c9cf0bd) Importer(815301076,1909f56bfc062723c751e8b465ee728b)  -> (artifact id: '1b2c3a987e5ba54bb008bfff9794e8b4') in 0.013523 seconds 
========================================================================
Received Import Request.
  Time since last request: 0.015877 seconds.
  path: Assets/Sprites/UI/Danger/Danger.png
  artifactKey: Guid(f3973ef7b8049184e8fcc661e1cbd259) Importer(815301076,1909f56bfc062723c751e8b465ee728b)
Start importing Assets/Sprites/UI/Danger/Danger.png using Guid(f3973ef7b8049184e8fcc661e1cbd259) Importer(815301076,1909f56bfc062723c751e8b465ee728b)  -> (artifact id: 'b88b968a546b8503906ae2071ec0554e') in 0.211042 seconds 
========================================================================
Received Import Request.
  Time since last request: 5.647555 seconds.
  path: Assets/Sprites/UI/Circle
  artifactKey: Guid(b9cf9440eb7f00f488eb1064414d60a0) Importer(815301076,1909f56bfc062723c751e8b465ee728b)
Start importing Assets/Sprites/UI/Circle using Guid(b9cf9440eb7f00f488eb1064414d60a0) Importer(815301076,1909f56bfc062723c751e8b465ee728b)  -> (artifact id: '44f9224460b56b0c1fcd9d0d7fdb4f3f') in 0.010600 seconds 
========================================================================
Received Import Request.
  Time since last request: 0.011271 seconds.
  path: Assets/Sprites/UI/Circle/Circulo_.png
  artifactKey: Guid(9308c42f523d320438f866d3acfc5a4f) Importer(815301076,1909f56bfc062723c751e8b465ee728b)
Start importing Assets/Sprites/UI/Circle/Circulo_.png using Guid(9308c42f523d320438f866d3acfc5a4f) Importer(815301076,1909f56bfc062723c751e8b465ee728b)  -> (artifact id: '84a41a5560a09b58a47de9d47ea00abf') in 0.028152 seconds 
========================================================================
Received Import Request.
  Time since last request: 3.103468 seconds.
  path: Assets/Sprites/UI/Icons
  artifactKey: Guid(f1690c69cf4fb0046b8c60863abd950c) Importer(815301076,1909f56bfc062723c751e8b465ee728b)
Start importing Assets/Sprites/UI/Icons using Guid(f1690c69cf4fb0046b8c60863abd950c) Importer(815301076,1909f56bfc062723c751e8b465ee728b)  -> (artifact id: '74d4be313f17d6eacead42e0ca676b43') in 0.008730 seconds 
========================================================================
Received Import Request.
  Time since last request: 0.026515 seconds.
  path: Assets/Sprites/UI/Icons/Calavera.png
  artifactKey: Guid(16c6ee190e812444fbd3d3341052a077) Importer(815301076,1909f56bfc062723c751e8b465ee728b)
Start importing Assets/Sprites/UI/Icons/Calavera.png using Guid(16c6ee190e812444fbd3d3341052a077) Importer(815301076,1909f56bfc062723c751e8b465ee728b)  -> (artifact id: '29a8e560b55c0ebdbeeae161ca24f8db') in 0.029665 seconds 
========================================================================
Received Import Request.
  Time since last request: 0.000018 seconds.
  path: Assets/Sprites/UI/Icons/Copa.png
  artifactKey: Guid(9c44a8167835c2043b8b69d2c9d01ece) Importer(815301076,1909f56bfc062723c751e8b465ee728b)
Start importing Assets/Sprites/UI/Icons/Copa.png using Guid(9c44a8167835c2043b8b69d2c9d01ece) Importer(815301076,1909f56bfc062723c751e8b465ee728b)  -> (artifact id: 'ae51f48e65691b50cd79ed2efa45faab') in 0.041769 seconds 
========================================================================
Received Import Request.
  Time since last request: 0.000018 seconds.
  path: Assets/Sprites/UI/Icons/PowerupDestroyrocks.png
  artifactKey: Guid(327e6fed1c5c09049902a8b8d0d4675a) Importer(815301076,1909f56bfc062723c751e8b465ee728b)
Start importing Assets/Sprites/UI/Icons/PowerupDestroyrocks.png using Guid(327e6fed1c5c09049902a8b8d0d4675a) Importer(815301076,1909f56bfc062723c751e8b465ee728b)  -> (artifact id: '6bf264af4f16465575af597e2d08abdb') in 0.046159 seconds 
========================================================================
Received Import Request.
  Time since last request: 0.000027 seconds.
  path: Assets/Sprites/UI/Icons/Ícono_Settings.png
  artifactKey: Guid(4f536c6dc439e2b439a53609a455b22a) Importer(815301076,1909f56bfc062723c751e8b465ee728b)
Start importing Assets/Sprites/UI/Icons/Ícono_Settings.png using Guid(4f536c6dc439e2b439a53609a455b22a) Importer(815301076,1909f56bfc062723c751e8b465ee728b)  -> (artifact id: '7d37a1100cb1ea10d70c96f946f706b2') in 0.035918 seconds 
========================================================================
Received Import Request.
  Time since last request: 0.000028 seconds.
  path: Assets/Sprites/UI/Icons/Play.png
  artifactKey: Guid(bfbb82ed2a1049a41811a0ccc47ce2ad) Importer(815301076,1909f56bfc062723c751e8b465ee728b)
Start importing Assets/Sprites/UI/Icons/Play.png using Guid(bfbb82ed2a1049a41811a0ccc47ce2ad) Importer(815301076,1909f56bfc062723c751e8b465ee728b)  -> (artifact id: '7886e30b56ed7e119353e34a1036c748') in 0.035611 seconds 
========================================================================
Received Import Request.
  Time since last request: 0.000019 seconds.
  path: Assets/Sprites/UI/Icons/PowerupX2.png
  artifactKey: Guid(a75eaa7696925244c95989e48a4f5642) Importer(815301076,1909f56bfc062723c751e8b465ee728b)
Start importing Assets/Sprites/UI/Icons/PowerupX2.png using Guid(a75eaa7696925244c95989e48a4f5642) Importer(815301076,1909f56bfc062723c751e8b465ee728b)  -> (artifact id: '0b5a115fae43b2fe6a6b8465935b351e') in 0.030250 seconds 
========================================================================
Received Import Request.
  Time since last request: 0.000033 seconds.
  path: Assets/Sprites/UI/Icons/NotaMusical.png
  artifactKey: Guid(677ebf8f9c75b6445b97d7f6f35cc142) Importer(815301076,1909f56bfc062723c751e8b465ee728b)
Start importing Assets/Sprites/UI/Icons/NotaMusical.png using Guid(677ebf8f9c75b6445b97d7f6f35cc142) Importer(815301076,1909f56bfc062723c751e8b465ee728b)  -> (artifact id: '1569dd0b3b11ba9f5d0592280a8c8c8c') in 0.051040 seconds 
========================================================================
Received Import Request.
  Time since last request: 7.201013 seconds.
  path: Assets/Sprites/MainMenu
  artifactKey: Guid(a774a6e762f26594eb2633adab060269) Importer(815301076,1909f56bfc062723c751e8b465ee728b)
Start importing Assets/Sprites/MainMenu using Guid(a774a6e762f26594eb2633adab060269) Importer(815301076,1909f56bfc062723c751e8b465ee728b)  -> (artifact id: '1e2469a37cd8547282cfabc48cd379dd') in 0.008558 seconds 
========================================================================
Received Import Request.
  Time since last request: 0.015628 seconds.
  path: Assets/Sprites/MainMenu/Names.png
  artifactKey: Guid(0ab2a76b735224c4eaa9f2e33b9cc670) Importer(815301076,1909f56bfc062723c751e8b465ee728b)
Start importing Assets/Sprites/MainMenu/Names.png using Guid(0ab2a76b735224c4eaa9f2e33b9cc670) Importer(815301076,1909f56bfc062723c751e8b465ee728b)  -> (artifact id: 'ffe6c8c3c97d1c93de915cb3e5c579d9') in 0.170887 seconds 
========================================================================
Received Import Request.
  Time since last request: 2.683981 seconds.
  path: Assets/Sprites/Title
  artifactKey: Guid(4878021df7a7a1e42bbddde5ae064141) Importer(815301076,1909f56bfc062723c751e8b465ee728b)
Start importing Assets/Sprites/Title using Guid(4878021df7a7a1e42bbddde5ae064141) Importer(815301076,1909f56bfc062723c751e8b465ee728b)  -> (artifact id: 'af5987809b4c3e67b7e5ad49e4b79b94') in 0.008569 seconds 
========================================================================
Received Import Request.
  Time since last request: 0.015220 seconds.
  path: Assets/Sprites/Title/1.Boton_Horizontal.png
  artifactKey: Guid(74ffe29caca00324982aa11c17df1dc8) Importer(815301076,1909f56bfc062723c751e8b465ee728b)
Start importing Assets/Sprites/Title/1.Boton_Horizontal.png using Guid(74ffe29caca00324982aa11c17df1dc8) Importer(815301076,1909f56bfc062723c751e8b465ee728b)  -> (artifact id: '15962076162d31d1c147656899573ecf') in 0.025603 seconds 
========================================================================
Received Import Request.
  Time since last request: 0.000036 seconds.
  path: Assets/Sprites/Title/TitleBackground.jpg
  artifactKey: Guid(6f0c1dbe3edb363408f98665eb9d5057) Importer(815301076,1909f56bfc062723c751e8b465ee728b)
Start importing Assets/Sprites/Title/TitleBackground.jpg using Guid(6f0c1dbe3edb363408f98665eb9d5057) Importer(815301076,1909f56bfc062723c751e8b465ee728b)  -> (artifact id: '049c172bdd11b970016aa3519cb3fde5') in 0.163516 seconds 
========================================================================
Received Import Request.
  Time since last request: 5.916160 seconds.
  path: Assets/Sprites/TutorialMenu
  artifactKey: Guid(d971ca54d7ddeb942b81ce34b8ac1d9f) Importer(815301076,1909f56bfc062723c751e8b465ee728b)
Start importing Assets/Sprites/TutorialMenu using Guid(d971ca54d7ddeb942b81ce34b8ac1d9f) Importer(815301076,1909f56bfc062723c751e8b465ee728b)  -> (artifact id: 'ae14f282f79471d402f9be78e7e1c95e') in 0.008677 seconds 
========================================================================
Received Import Request.
  Time since last request: 1.733272 seconds.
  path: Assets/Sprites/TutorialMenu/UI_Image
  artifactKey: Guid(b516c397725b37b419c45de6f9d09bda) Importer(815301076,1909f56bfc062723c751e8b465ee728b)
Start importing Assets/Sprites/TutorialMenu/UI_Image using Guid(b516c397725b37b419c45de6f9d09bda) Importer(815301076,1909f56bfc062723c751e8b465ee728b)  -> (artifact id: 'b8c5b037a6c0359f7d031d1dc826278a') in 0.009053 seconds 
========================================================================
Received Import Request.
  Time since last request: 0.036308 seconds.
  path: Assets/Sprites/TutorialMenu/UI_Image/Caja.PNG
  artifactKey: Guid(21b6ef4e7e2e20d4296c7fe071e5b4db) Importer(815301076,1909f56bfc062723c751e8b465ee728b)
Start importing Assets/Sprites/TutorialMenu/UI_Image/Caja.PNG using Guid(21b6ef4e7e2e20d4296c7fe071e5b4db) Importer(815301076,1909f56bfc062723c751e8b465ee728b)  -> (artifact id: '02754b1077ccf972ac10e587925d21b6') in 0.078919 seconds 
========================================================================
Received Import Request.
  Time since last request: 19.280297 seconds.
  path: Assets/Textures
  artifactKey: Guid(929b4ae7288a1a84087fa4838d1de68b) Importer(815301076,1909f56bfc062723c751e8b465ee728b)
Start importing Assets/Textures using Guid(929b4ae7288a1a84087fa4838d1de68b) Importer(815301076,1909f56bfc062723c751e8b465ee728b)  -> (artifact id: 'c8bb34164babe0e757dbe1014fa36ccc') in 0.008575 seconds 
========================================================================
Received Import Request.
  Time since last request: 0.041469 seconds.
  path: Assets/Textures/Vol_35_3_Ambient_Occlusion.tga
  artifactKey: Guid(c6d0d08a7a14a45418caf59d9687df8f) Importer(815301076,1909f56bfc062723c751e8b465ee728b)
Start importing Assets/Textures/Vol_35_3_Ambient_Occlusion.tga using Guid(c6d0d08a7a14a45418caf59d9687df8f) Importer(815301076,1909f56bfc062723c751e8b465ee728b)  -> (artifact id: 'f7e255c40a2fd756d18341dc8e27f9e5') in 0.091444 seconds 
========================================================================
Received Import Request.
  Time since last request: 0.000018 seconds.
  path: Assets/Textures/Vol_35_3_Normal.tga
  artifactKey: Guid(6d3280b47426c8a4e89df1eabd45c33a) Importer(815301076,1909f56bfc062723c751e8b465ee728b)
Start importing Assets/Textures/Vol_35_3_Normal.tga using Guid(6d3280b47426c8a4e89df1eabd45c33a) Importer(815301076,1909f56bfc062723c751e8b465ee728b)  -> (artifact id: '211115c831f4026e110c339ab5e98d27') in 0.048279 seconds 
========================================================================
Received Import Request.
  Time since last request: 2.286126 seconds.
  path: Assets/TextMesh Pro
  artifactKey: Guid(f54d1bd14bd3ca042bd867b519fee8cc) Importer(815301076,1909f56bfc062723c751e8b465ee728b)
Start importing Assets/TextMesh Pro using Guid(f54d1bd14bd3ca042bd867b519fee8cc) Importer(815301076,1909f56bfc062723c751e8b465ee728b)  -> (artifact id: '6d457b26d2bc8024e58729449d46e968') in 0.009237 seconds 
========================================================================
Received Import Request.
  Time since last request: 2.069705 seconds.
  path: Assets/Audio_Rubén_Garrett
  artifactKey: Guid(a667b3e5c89a71e41be2e8b213f603aa) Importer(815301076,1909f56bfc062723c751e8b465ee728b)
Start importing Assets/Audio_Rubén_Garrett using Guid(a667b3e5c89a71e41be2e8b213f603aa) Importer(815301076,1909f56bfc062723c751e8b465ee728b)  -> (artifact id: 'd5b9f6f035ff2b28c6b56ecd910a3d0b') in 0.009085 seconds 
========================================================================
Received Import Request.
  Time since last request: 1.674998 seconds.
  path: Assets/External Assets
  artifactKey: Guid(cf286b6f001ba6945933e391efedc7ab) Importer(815301076,1909f56bfc062723c751e8b465ee728b)
Start importing Assets/External Assets using Guid(cf286b6f001ba6945933e391efedc7ab) Importer(815301076,1909f56bfc062723c751e8b465ee728b)  -> (artifact id: '59dab3fbcd88e5e61366a20dde3d5ed1') in 0.008897 seconds 
========================================================================
Received Import Request.
  Time since last request: 3.241174 seconds.
  path: Assets/External Assets/AlignedGames
  artifactKey: Guid(48b41c2b98f4faa44beff7d4d208daef) Importer(815301076,1909f56bfc062723c751e8b465ee728b)
Start importing Assets/External Assets/AlignedGames using Guid(48b41c2b98f4faa44beff7d4d208daef) Importer(815301076,1909f56bfc062723c751e8b465ee728b)  -> (artifact id: 'e599264714d4c44d82996ca7d74e3365') in 0.009726 seconds 
========================================================================
Received Import Request.
  Time since last request: 2.811642 seconds.
  path: Assets/External Assets/AlignedGames/Polygonal Foliage Asset Package
  artifactKey: Guid(ebad393bd36170e4ca5882c45d96f25f) Importer(815301076,1909f56bfc062723c751e8b465ee728b)
Start importing Assets/External Assets/AlignedGames/Polygonal Foliage Asset Package using Guid(ebad393bd36170e4ca5882c45d96f25f) Importer(815301076,1909f56bfc062723c751e8b465ee728b)  -> (artifact id: 'ba82b99d8f5e07ee88503a46fdcd3667') in 0.008901 seconds 
========================================================================
Received Import Request.
  Time since last request: 2.980172 seconds.
  path: Assets/External Assets/greyRoadStudio
  artifactKey: Guid(8deb39fadb52d964798ab3e1f8089de5) Importer(815301076,1909f56bfc062723c751e8b465ee728b)
Start importing Assets/External Assets/greyRoadStudio using Guid(8deb39fadb52d964798ab3e1f8089de5) Importer(815301076,1909f56bfc062723c751e8b465ee728b)  -> (artifact id: '96ee7b6f790669d9f619da5dc436bcc6') in 0.009237 seconds 
========================================================================
Received Import Request.
  Time since last request: 1.456021 seconds.
  path: Assets/External Assets/Joystick Pack
  artifactKey: Guid(19509ccd67fa50a4c85c9818fc7c2edf) Importer(815301076,1909f56bfc062723c751e8b465ee728b)
Start importing Assets/External Assets/Joystick Pack using Guid(19509ccd67fa50a4c85c9818fc7c2edf) Importer(815301076,1909f56bfc062723c751e8b465ee728b)  -> (artifact id: 'fb4c45533da371d4621aaa9c45cece8d') in 0.009292 seconds 
========================================================================
Received Import Request.
  Time since last request: 1.074719 seconds.
  path: Assets/External Assets/Outline
  artifactKey: Guid(91ea1a65e4325354cbc2a1c03ed60d23) Importer(815301076,1909f56bfc062723c751e8b465ee728b)
Start importing Assets/External Assets/Outline using Guid(91ea1a65e4325354cbc2a1c03ed60d23) Importer(815301076,1909f56bfc062723c751e8b465ee728b)  -> (artifact id: '79a95d2276405b6ee3e33e561b60f815') in 0.010766 seconds 
========================================================================
Received Import Request.
  Time since last request: 1.101920 seconds.
  path: Assets/External Assets/SimpleFX
  artifactKey: Guid(386da61df5908794db700d908d6ce5d3) Importer(815301076,1909f56bfc062723c751e8b465ee728b)
Start importing Assets/External Assets/SimpleFX using Guid(386da61df5908794db700d908d6ce5d3) Importer(815301076,1909f56bfc062723c751e8b465ee728b)  -> (artifact id: '50746b71faeb9ab38679e90135250a6f') in 0.009227 seconds 
========================================================================
Received Import Request.
  Time since last request: 2.632663 seconds.
  path: Assets/Internal Assets
  artifactKey: Guid(af09227951cc58644b0f628466bc292d) Importer(815301076,1909f56bfc062723c751e8b465ee728b)
Start importing Assets/Internal Assets using Guid(af09227951cc58644b0f628466bc292d) Importer(815301076,1909f56bfc062723c751e8b465ee728b)  -> (artifact id: '22b370bfdc0866ab0eb7427923c93f36') in 0.009326 seconds 
========================================================================
Received Import Request.
  Time since last request: 8.178052 seconds.
  path: Assets/Internal Assets/Character
  artifactKey: Guid(ad54ae89812beff40ae958a89ab18861) Importer(815301076,1909f56bfc062723c751e8b465ee728b)
Start importing Assets/Internal Assets/Character using Guid(ad54ae89812beff40ae958a89ab18861) Importer(815301076,1909f56bfc062723c751e8b465ee728b)  -> (artifact id: '66cbdee7eb634e7e2cebaa323ef6603d') in 0.008803 seconds 
========================================================================
Received Import Request.
  Time since last request: 0.043141 seconds.
  path: Assets/Internal Assets/Character/February_contents.png
  artifactKey: Guid(5a139a003416a794cb7a62e2e7ba7b33) Importer(815301076,1909f56bfc062723c751e8b465ee728b)
Start importing Assets/Internal Assets/Character/February_contents.png using Guid(5a139a003416a794cb7a62e2e7ba7b33) Importer(815301076,1909f56bfc062723c751e8b465ee728b)  -> (artifact id: '3639b5e2ced4c9869dbe4181c3a382d8') in 0.026933 seconds 
========================================================================
Received Import Request.
  Time since last request: 17.229712 seconds.
  path: Packages/com.unity.ext.nunit/package.json
  artifactKey: Guid(8143d3a8390f2c64685e3bc272bd9e90) Importer(815301076,1909f56bfc062723c751e8b465ee728b)
Start importing Packages/com.unity.ext.nunit/package.json using Guid(8143d3a8390f2c64685e3bc272bd9e90) Importer(815301076,1909f56bfc062723c751e8b465ee728b)  -> (artifact id: 'b40fc5629c4141466786b845dfe4fc31') in 0.023940 seconds 
========================================================================
Received Import Request.
  Time since last request: 2.112684 seconds.
  path: Packages/com.unity.ext.nunit/net35
  artifactKey: Guid(a36d8b72880a8004f96ac54ce4598ff9) Importer(815301076,1909f56bfc062723c751e8b465ee728b)
Start importing Packages/com.unity.ext.nunit/net35 using Guid(a36d8b72880a8004f96ac54ce4598ff9) Importer(815301076,1909f56bfc062723c751e8b465ee728b)  -> (artifact id: '8dcbe2fa261f9a2739dac4c6c08dc567') in 0.009123 seconds 
========================================================================
Received Import Request.
  Time since last request: 3.294282 seconds.
  path: Packages/com.unity.ext.nunit/CHANGELOG.md
  artifactKey: Guid(f49bbe06ffa5ae24abe32abdab430c24) Importer(815301076,1909f56bfc062723c751e8b465ee728b)
Start importing Packages/com.unity.ext.nunit/CHANGELOG.md using Guid(f49bbe06ffa5ae24abe32abdab430c24) Importer(815301076,1909f56bfc062723c751e8b465ee728b)  -> (artifact id: '25fbdc30bbaec5c2b38e98e472b3b728') in 0.019095 seconds 
========================================================================
Received Import Request.
  Time since last request: 1.612073 seconds.
  path: Packages/com.unity.ext.nunit/LICENSE.md
  artifactKey: Guid(f91a00d2dca52b843b2d50ccf750737d) Importer(815301076,1909f56bfc062723c751e8b465ee728b)
Start importing Packages/com.unity.ext.nunit/LICENSE.md using Guid(f91a00d2dca52b843b2d50ccf750737d) Importer(815301076,1909f56bfc062723c751e8b465ee728b)  -> (artifact id: '7bc183ce292bf8a8c017fa9c71742660') in 0.009234 seconds 
========================================================================
Received Import Request.
  Time since last request: 4.688169 seconds.
  path: Packages/com.unity.ext.nunit/README.md
  artifactKey: Guid(5da62a0c1c5218c4aa16b74546a7822d) Importer(815301076,1909f56bfc062723c751e8b465ee728b)
Start importing Packages/com.unity.ext.nunit/README.md using Guid(5da62a0c1c5218c4aa16b74546a7822d) Importer(815301076,1909f56bfc062723c751e8b465ee728b)  -> (artifact id: '05035b7fe917c52a5317071c88784e7a') in 0.009749 seconds 
