Using pre-set license
Built from '2021.3/staging' branch; Version is '2021.3.6f1 (7da38d85baf6) revision 8233869'; Using compiler version '192829333'; Build Type 'Release'
OS: 'Windows 10  (10.0.19045) 64bit Professional' Language: 'es' Physical Memory: 32012 MB
BatchMode: 1, IsHumanControllingUs: 0, StartBugReporterOnCrash: 0, Is64bit: 1, IsPro: 1

COMMAND LINE ARGUMENTS:
C:\Program Files\Unity\Hub\Editor\2021.3.6f1\Editor\Unity.exe
-adb2
-batchMode
-noUpm
-name
AssetImportWorker2
-projectPath
C:/Users/Victor/Documents/GitHub/Pocket-Space-Factory
-logFile
Logs/AssetImportWorker2.log
-srvPort
59561
Successfully changed project path to: C:/Users/Victor/Documents/GitHub/Pocket-Space-Factory
C:/Users/Victor/Documents/GitHub/Pocket-Space-Factory
[UnityMemory] Configuration Parameters - Can be set up in boot.config
    "memorysetup-bucket-allocator-granularity=16"
    "memorysetup-bucket-allocator-bucket-count=8"
    "memorysetup-bucket-allocator-block-size=33554432"
    "memorysetup-bucket-allocator-block-count=8"
    "memorysetup-main-allocator-block-size=16777216"
    "memorysetup-thread-allocator-block-size=16777216"
    "memorysetup-gfx-main-allocator-block-size=16777216"
    "memorysetup-gfx-thread-allocator-block-size=16777216"
    "memorysetup-cache-allocator-block-size=4194304"
    "memorysetup-typetree-allocator-block-size=2097152"
    "memorysetup-profiler-bucket-allocator-granularity=16"
    "memorysetup-profiler-bucket-allocator-bucket-count=8"
    "memorysetup-profiler-bucket-allocator-block-size=33554432"
    "memorysetup-profiler-bucket-allocator-block-count=8"
    "memorysetup-profiler-allocator-block-size=16777216"
    "memorysetup-profiler-editor-allocator-block-size=1048576"
    "memorysetup-temp-allocator-size-main=16777216"
    "memorysetup-job-temp-allocator-block-size=2097152"
    "memorysetup-job-temp-allocator-block-size-background=1048576"
    "memorysetup-job-temp-allocator-reduction-small-platforms=262144"
    "memorysetup-temp-allocator-size-background-worker=32768"
    "memorysetup-temp-allocator-size-job-worker=262144"
    "memorysetup-temp-allocator-size-preload-manager=33554432"
    "memorysetup-temp-allocator-size-nav-mesh-worker=65536"
    "memorysetup-temp-allocator-size-audio-worker=65536"
    "memorysetup-temp-allocator-size-cloud-worker=32768"
    "memorysetup-temp-allocator-size-gi-baking-worker=262144"
    "memorysetup-temp-allocator-size-gfx=262144"
Refreshing native plugins compatible for Editor in 46.17 ms, found 2 plugins.
Preloading 0 native plugins for Editor in 0.00 ms.
Initialize engine version: 2021.3.6f1 (7da38d85baf6)
[Subsystems] Discovering subsystems at path C:/Program Files/Unity/Hub/Editor/2021.3.6f1/Editor/Data/Resources/UnitySubsystems
[Subsystems] Discovering subsystems at path C:/Users/Victor/Documents/GitHub/Pocket-Space-Factory/Assets
GfxDevice: creating device client; threaded=0; jobified=0
Direct3D:
    Version:  Direct3D 11.0 [level 11.1]
    Renderer: NVIDIA GeForce RTX 3070 Ti Laptop GPU (ID=0x24a0)
    Vendor:   NVIDIA
    VRAM:     8018 MB
    Driver:   32.0.15.5585
Shader 'Ethical Motion/Particles/Lit MultiLight': fallback shader 'Hidden/Ethical Motion/Particles/Lit Alpha Blend Shadow Fallback' not found
Initialize mono
Mono path[0] = 'C:/Program Files/Unity/Hub/Editor/2021.3.6f1/Editor/Data/Managed'
Mono path[1] = 'C:/Program Files/Unity/Hub/Editor/2021.3.6f1/Editor/Data/MonoBleedingEdge/lib/mono/unityjit-win32'
Mono config path = 'C:/Program Files/Unity/Hub/Editor/2021.3.6f1/Editor/Data/MonoBleedingEdge/etc'
Using monoOptions --debugger-agent=transport=dt_socket,embedding=1,server=y,suspend=n,address=127.0.0.1:56068
Begin MonoManager ReloadAssembly
Registering precompiled unity dll's ...
Register platform support module: C:/Program Files/Unity/Hub/Editor/2021.3.6f1/Editor/Data/PlaybackEngines/WebGLSupport/UnityEditor.WebGL.Extensions.dll
Register platform support module: C:/Program Files/Unity/Hub/Editor/2021.3.6f1/Editor/Data/PlaybackEngines/AndroidPlayer/UnityEditor.Android.Extensions.dll
Register platform support module: C:/Program Files/Unity/Hub/Editor/2021.3.6f1/Editor/Data/PlaybackEngines/WindowsStandaloneSupport/UnityEditor.WindowsStandalone.Extensions.dll
Registered in 0.010159 seconds.
Native extension for WindowsStandalone target not found
Native extension for Android target not found
Native extension for WebGL target not found
Refreshing native plugins compatible for Editor in 57.05 ms, found 2 plugins.
Preloading 0 native plugins for Editor in 0.00 ms.
Mono: successfully reloaded assembly
- Completed reload, in  0.610 seconds
Domain Reload Profiling:
	ReloadAssembly (611ms)
		BeginReloadAssembly (77ms)
			ExecutionOrderSort (0ms)
			DisableScriptedObjects (0ms)
			BackupInstance (0ms)
			ReleaseScriptingObjects (0ms)
			CreateAndSetChildDomain (1ms)
		EndReloadAssembly (429ms)
			LoadAssemblies (75ms)
			RebuildTransferFunctionScriptingTraits (0ms)
			SetupTypeCache (106ms)
			ReleaseScriptCaches (0ms)
			RebuildScriptCaches (25ms)
			SetupLoadedEditorAssemblies (252ms)
				LogAssemblyErrors (0ms)
				InitializePlatformSupportModulesInManaged (57ms)
				SetLoadedEditorAssemblies (1ms)
				RefreshPlugins (57ms)
				BeforeProcessingInitializeOnLoad (1ms)
				ProcessInitializeOnLoadAttributes (89ms)
				ProcessInitializeOnLoadMethodAttributes (45ms)
				AfterProcessingInitializeOnLoad (0ms)
				EditorAssembliesLoaded (0ms)
			ExecutionOrderSort2 (0ms)
			AwakeInstancesAfterBackupRestoration (0ms)
Platform modules already initialized, skipping
Registering precompiled user dll's ...
Registered in 0.003643 seconds.
Begin MonoManager ReloadAssembly
Native extension for WindowsStandalone target not found
Native extension for Android target not found
Native extension for WebGL target not found
Refreshing native plugins compatible for Editor in 0.73 ms, found 2 plugins.
Preloading 0 native plugins for Editor in 0.00 ms.
Mono: successfully reloaded assembly
- Completed reload, in  0.920 seconds
Domain Reload Profiling:
	ReloadAssembly (920ms)
		BeginReloadAssembly (203ms)
			ExecutionOrderSort (0ms)
			DisableScriptedObjects (5ms)
			BackupInstance (0ms)
			ReleaseScriptingObjects (0ms)
			CreateAndSetChildDomain (132ms)
		EndReloadAssembly (627ms)
			LoadAssemblies (58ms)
			RebuildTransferFunctionScriptingTraits (0ms)
			SetupTypeCache (139ms)
			ReleaseScriptCaches (0ms)
			RebuildScriptCaches (36ms)
			SetupLoadedEditorAssemblies (364ms)
				LogAssemblyErrors (0ms)
				InitializePlatformSupportModulesInManaged (13ms)
				SetLoadedEditorAssemblies (0ms)
				RefreshPlugins (1ms)
				BeforeProcessingInitializeOnLoad (54ms)
				ProcessInitializeOnLoadAttributes (266ms)
				ProcessInitializeOnLoadMethodAttributes (22ms)
				AfterProcessingInitializeOnLoad (8ms)
				EditorAssembliesLoaded (0ms)
			ExecutionOrderSort2 (0ms)
			AwakeInstancesAfterBackupRestoration (4ms)
Platform modules already initialized, skipping
========================================================================
Worker process is ready to serve import requests
Shader 'Ethical Motion/Particles/Lit MultiLight': fallback shader 'Hidden/Ethical Motion/Particles/Lit Alpha Blend Shadow Fallback' not found
Launched and connected shader compiler UnityShaderCompiler.exe after 0.03 seconds
Refreshing native plugins compatible for Editor in 1.29 ms, found 2 plugins.
Preloading 0 native plugins for Editor in 0.00 ms.
Unloading 2315 Unused Serialized files (Serialized files now loaded: 0)
Unloading 131 unused Assets / (177.4 KB). Loaded Objects now: 2785.
Memory consumption went from 106.2 MB to 106.0 MB.
Total: 4.917300 ms (FindLiveObjects: 0.347500 ms CreateObjectMapping: 0.090300 ms MarkObjects: 4.146000 ms  DeleteObjects: 0.332100 ms)

AssetImportParameters requested are different than current active one (requested -> active):
  custom:video-decoder-ogg-theora: a1e56fd34408186e4bbccfd4996cb3dc -> 
  custom:container-muxer-webm: aa71ff27fc2769a1b78a27578f13a17b -> 
  custom:container-demuxer-webm: 4f35f7cbe854078d1ac9338744f61a02 -> 
  custom:video-encoder-webm-vp8: eb34c28f22e8b96e1ab97ce403110664 -> 
  custom:audio-encoder-webm-vorbis: bf7c407c2cedff20999df2af8eb42d56 -> 
  custom:framework-win-MediaFoundation: 216162199b28c13a410421893ffa2e32 -> 
  custom:container-demuxer-ogg: 62fdf1f143b41e24485cea50d1cbac27 -> 
  custom:video-decoder-webm-vp8: 9c59270c3fd7afecdb556c50c9e8de78 -> 
  custom:audio-decoder-ogg-vorbis: bf7c407c2cedff20999df2af8eb42d56 -> 
========================================================================
Received Import Request.
  Time since last request: 96234.565396 seconds.
  path: Assets/Sprites/UI/Button
  artifactKey: Guid(a816cba886bb38940b6c75da8e17593a) Importer(815301076,1909f56bfc062723c751e8b465ee728b)
Start importing Assets/Sprites/UI/Button using Guid(a816cba886bb38940b6c75da8e17593a) Importer(815301076,1909f56bfc062723c751e8b465ee728b)  -> (artifact id: 'ae6fbd610ed00e76374d6d4a55d50b3a') in 0.012932 seconds 
========================================================================
Received Import Request.
  Time since last request: 0.036345 seconds.
  path: Assets/Sprites/UI/Button/1.Boton_Horizontal.png
  artifactKey: Guid(b163e054cd517304fa3224184cd8aa62) Importer(815301076,1909f56bfc062723c751e8b465ee728b)
Start importing Assets/Sprites/UI/Button/1.Boton_Horizontal.png using Guid(b163e054cd517304fa3224184cd8aa62) Importer(815301076,1909f56bfc062723c751e8b465ee728b)  -> (artifact id: '6afadfbedbba8b567e41e52831f9484c') in 0.105478 seconds 
========================================================================
Received Import Request.
  Time since last request: 0.000021 seconds.
  path: Assets/Sprites/UI/Button/Boton_On-Off.png
  artifactKey: Guid(0a4dd23f02a010d49a041468d60372b8) Importer(815301076,1909f56bfc062723c751e8b465ee728b)
Start importing Assets/Sprites/UI/Button/Boton_On-Off.png using Guid(0a4dd23f02a010d49a041468d60372b8) Importer(815301076,1909f56bfc062723c751e8b465ee728b)  -> (artifact id: '814f9fbaf924322ade473b5c5b8ea860') in 0.035789 seconds 
========================================================================
Received Import Request.
  Time since last request: 0.000029 seconds.
  path: Assets/Sprites/UI/Button/Arrow.png
  artifactKey: Guid(66b4446be90e1bf44ad6c2a1fe3e0460) Importer(815301076,1909f56bfc062723c751e8b465ee728b)
Start importing Assets/Sprites/UI/Button/Arrow.png using Guid(66b4446be90e1bf44ad6c2a1fe3e0460) Importer(815301076,1909f56bfc062723c751e8b465ee728b)  -> (artifact id: 'faac425a7d70817a8d76a9ef157f1436') in 0.027255 seconds 
========================================================================
Received Import Request.
  Time since last request: 0.000023 seconds.
  path: Assets/Sprites/UI/Button/Boton_On.png
  artifactKey: Guid(8423d02339a6e184c83d5656a60047bb) Importer(815301076,1909f56bfc062723c751e8b465ee728b)
Start importing Assets/Sprites/UI/Button/Boton_On.png using Guid(8423d02339a6e184c83d5656a60047bb) Importer(815301076,1909f56bfc062723c751e8b465ee728b)  -> (artifact id: 'e27d2b13b9da5f942a16b85b47d9628a') in 0.022831 seconds 
========================================================================
Received Import Request.
  Time since last request: 9.085342 seconds.
  path: Assets/Sprites/UI/Danger/Luz apagada.png
  artifactKey: Guid(d30dd70f02225c248a48d76921079fd0) Importer(815301076,1909f56bfc062723c751e8b465ee728b)
Start importing Assets/Sprites/UI/Danger/Luz apagada.png using Guid(d30dd70f02225c248a48d76921079fd0) Importer(815301076,1909f56bfc062723c751e8b465ee728b)  -> (artifact id: 'fcca6ee0a96d65eb6f4419e787ad62fc') in 0.093310 seconds 
========================================================================
Received Import Request.
  Time since last request: 5.790933 seconds.
  path: Assets/Sprites/UI/Circle/Circulo_Cruz.png
  artifactKey: Guid(5407b226afb141848b58eacee20254d8) Importer(815301076,1909f56bfc062723c751e8b465ee728b)
Start importing Assets/Sprites/UI/Circle/Circulo_Cruz.png using Guid(5407b226afb141848b58eacee20254d8) Importer(815301076,1909f56bfc062723c751e8b465ee728b)  -> (artifact id: '4a10a56ed8a178102f967fd709aec6df') in 0.028252 seconds 
========================================================================
Received Import Request.
  Time since last request: 3.142515 seconds.
  path: Assets/Sprites/UI/Icons/Candado.png
  artifactKey: Guid(b95449209740c104894f9d369f922d7b) Importer(815301076,1909f56bfc062723c751e8b465ee728b)
Start importing Assets/Sprites/UI/Icons/Candado.png using Guid(b95449209740c104894f9d369f922d7b) Importer(815301076,1909f56bfc062723c751e8b465ee728b)  -> (artifact id: '3859e8aace22cf75bac7a6bcbd36f62b') in 0.025975 seconds 
========================================================================
Received Import Request.
  Time since last request: 0.000022 seconds.
  path: Assets/Sprites/UI/Icons/Estrella.png
  artifactKey: Guid(2f014f69c7b4d804cb497ca234bbc162) Importer(815301076,1909f56bfc062723c751e8b465ee728b)
Start importing Assets/Sprites/UI/Icons/Estrella.png using Guid(2f014f69c7b4d804cb497ca234bbc162) Importer(815301076,1909f56bfc062723c751e8b465ee728b)  -> (artifact id: 'b88ca5b40b608ceaeb3b1f8fd9b31b54') in 0.042004 seconds 
========================================================================
Received Import Request.
  Time since last request: 0.000021 seconds.
  path: Assets/Sprites/UI/Icons/Reload.png
  artifactKey: Guid(597b9ed792dbc6d4788579e0d6767132) Importer(815301076,1909f56bfc062723c751e8b465ee728b)
Start importing Assets/Sprites/UI/Icons/Reload.png using Guid(597b9ed792dbc6d4788579e0d6767132) Importer(815301076,1909f56bfc062723c751e8b465ee728b)  -> (artifact id: '91ea639e0a9621ff8421ba723953a72b') in 0.041915 seconds 
========================================================================
Received Import Request.
  Time since last request: 0.000023 seconds.
  path: Assets/Sprites/UI/Icons/ConSonido.png
  artifactKey: Guid(ce50ff326e3396849b44686f1ff8471a) Importer(815301076,1909f56bfc062723c751e8b465ee728b)
Start importing Assets/Sprites/UI/Icons/ConSonido.png using Guid(ce50ff326e3396849b44686f1ff8471a) Importer(815301076,1909f56bfc062723c751e8b465ee728b)  -> (artifact id: '22148f0293cd10f4b42cfcaeaf77c46d') in 0.040740 seconds 
========================================================================
Received Import Request.
  Time since last request: 0.000018 seconds.
  path: Assets/Sprites/UI/Icons/Ícono_Corazón.png
  artifactKey: Guid(5edfb0ba3d65fe544bd3253a7ee51960) Importer(815301076,1909f56bfc062723c751e8b465ee728b)
Start importing Assets/Sprites/UI/Icons/Ícono_Corazón.png using Guid(5edfb0ba3d65fe544bd3253a7ee51960) Importer(815301076,1909f56bfc062723c751e8b465ee728b)  -> (artifact id: 'f510c584b7b989aee613e7487481ff70') in 0.033171 seconds 
========================================================================
Received Import Request.
  Time since last request: 0.000024 seconds.
  path: Assets/Sprites/UI/Icons/Ícono_Tiempo.png
  artifactKey: Guid(e1d60d1448f276843ba00c4ea2fd73a1) Importer(815301076,1909f56bfc062723c751e8b465ee728b)
Start importing Assets/Sprites/UI/Icons/Ícono_Tiempo.png using Guid(e1d60d1448f276843ba00c4ea2fd73a1) Importer(815301076,1909f56bfc062723c751e8b465ee728b)  -> (artifact id: '69c716aee5fcd3a3b304b0fb0f16681e') in 0.027988 seconds 
========================================================================
Received Import Request.
  Time since last request: 0.000020 seconds.
  path: Assets/Sprites/UI/Icons/PowerupShield.png
  artifactKey: Guid(e4608e96eb46d8243a5a35bc26311321) Importer(815301076,1909f56bfc062723c751e8b465ee728b)
Start importing Assets/Sprites/UI/Icons/PowerupShield.png using Guid(e4608e96eb46d8243a5a35bc26311321) Importer(815301076,1909f56bfc062723c751e8b465ee728b)  -> (artifact id: '313132e5de8e68e924680788c0d04e25') in 0.090759 seconds 
========================================================================
Received Import Request.
  Time since last request: 10.084497 seconds.
  path: Assets/Sprites/Title/1.Caja_Horizontal.png
  artifactKey: Guid(3f841fa092464604dafc469e904445a4) Importer(815301076,1909f56bfc062723c751e8b465ee728b)
Start importing Assets/Sprites/Title/1.Caja_Horizontal.png using Guid(3f841fa092464604dafc469e904445a4) Importer(815301076,1909f56bfc062723c751e8b465ee728b)  -> (artifact id: '0e316b021cb0a746d05581e4f11952f4') in 0.140245 seconds 
========================================================================
Received Import Request.
  Time since last request: 0.000017 seconds.
  path: Assets/Sprites/Title/Star.png
  artifactKey: Guid(12bd5ee3db2e8f2478de88257bae429d) Importer(815301076,1909f56bfc062723c751e8b465ee728b)
Start importing Assets/Sprites/Title/Star.png using Guid(12bd5ee3db2e8f2478de88257bae429d) Importer(815301076,1909f56bfc062723c751e8b465ee728b)  -> (artifact id: '85dc3d1d8276ddb9ede4720f2347e49e') in 0.016487 seconds 
========================================================================
Received Import Request.
  Time since last request: 7.745123 seconds.
  path: Assets/Sprites/TutorialMenu/UI_Image/Contador.PNG
  artifactKey: Guid(b37d0567e7988854b8d0e86d63f065b0) Importer(815301076,1909f56bfc062723c751e8b465ee728b)
Start importing Assets/Sprites/TutorialMenu/UI_Image/Contador.PNG using Guid(b37d0567e7988854b8d0e86d63f065b0) Importer(815301076,1909f56bfc062723c751e8b465ee728b)  -> (artifact id: '31f9f2fb88dbc569c1401f07ddd311ba') in 0.036074 seconds 
========================================================================
Received Import Request.
  Time since last request: 0.000023 seconds.
  path: Assets/Sprites/TutorialMenu/UI_Image/Money.PNG
  artifactKey: Guid(c1b56bcf2d297b140bf658248b10fed0) Importer(815301076,1909f56bfc062723c751e8b465ee728b)
Start importing Assets/Sprites/TutorialMenu/UI_Image/Money.PNG using Guid(c1b56bcf2d297b140bf658248b10fed0) Importer(815301076,1909f56bfc062723c751e8b465ee728b)  -> (artifact id: 'af11152b9e0d034c558f155c87abd20f') in 0.021376 seconds 
========================================================================
Received Import Request.
  Time since last request: 0.000029 seconds.
  path: Assets/Sprites/TutorialMenu/UI_Image/OrdenCajas.PNG
  artifactKey: Guid(2b72f8ffddc7e1243b8f2de69a8afe4b) Importer(815301076,1909f56bfc062723c751e8b465ee728b)
Start importing Assets/Sprites/TutorialMenu/UI_Image/OrdenCajas.PNG using Guid(2b72f8ffddc7e1243b8f2de69a8afe4b) Importer(815301076,1909f56bfc062723c751e8b465ee728b)  -> (artifact id: '5c2aabfa270031da5ea3ba5be41ff0f7') in 0.027459 seconds 
========================================================================
Received Import Request.
  Time since last request: 19.321093 seconds.
  path: Assets/Textures/Vol_35_3_Base_Color.tga
  artifactKey: Guid(dfc1785e05281294d878cde6894aa955) Importer(815301076,1909f56bfc062723c751e8b465ee728b)
Start importing Assets/Textures/Vol_35_3_Base_Color.tga using Guid(dfc1785e05281294d878cde6894aa955) Importer(815301076,1909f56bfc062723c751e8b465ee728b)  -> (artifact id: 'dee7758b717397154d2af92c85e33095') in 0.092746 seconds 
========================================================================
Received Import Request.
  Time since last request: 0.000021 seconds.
  path: Assets/Textures/Vol_35_3_Roughness.tga
  artifactKey: Guid(ee6d998e65365904ba2f9fa70273b869) Importer(815301076,1909f56bfc062723c751e8b465ee728b)
Start importing Assets/Textures/Vol_35_3_Roughness.tga using Guid(ee6d998e65365904ba2f9fa70273b869) Importer(815301076,1909f56bfc062723c751e8b465ee728b)  -> (artifact id: '4ab2816c8d4f83972529da7ba5bfebcb') in 0.047158 seconds 
